2024-09-22 19:45:18.304 [info] Added views:outline in workbench.view.explorer
2024-09-22 19:45:18.305 [info] Added views:workbench.view.search in workbench.view.search
2024-09-22 19:45:18.305 [info] Added views:workbench.scm in workbench.view.scm
2024-09-22 19:45:18.305 [info] Added views:workbench.panel.markers.view in workbench.panel.markers
2024-09-22 19:45:18.305 [info] Added views:workbench.panel.output in workbench.panel.output
2024-09-22 19:45:18.305 [info] Added views:terminal in terminal
2024-09-22 19:45:18.306 [info] Added views:timeline in workbench.view.explorer
2024-09-22 19:45:18.306 [info] Added views:workbench.explorer.fileView in workbench.view.explorer
2024-09-22 19:45:19.478 [info] Added views:workbench.debug.welcome in workbench.view.debug
2024-09-22 19:45:24.176 [info] Added views:workbench.panel.repl.view in workbench.panel.repl
2024-09-22 19:45:25.698 [info] Added views:~remote.forwardedPorts in ~remote.forwardedPortsContainer
2024-09-22 20:03:47.616 [info] Added views:workbench.views.extensions.installed,workbench.views.extensions.popular in workbench.view.extensions
2024-09-22 20:03:47.621 [info] Removed views:workbench.views.extensions.popular from workbench.view.extensions
2024-09-22 20:03:50.213 [info] Removed views:workbench.views.extensions.installed from workbench.view.extensions
2024-09-22 20:03:50.227 [info] Added views:workbench.views.extensions.marketplace in workbench.view.extensions
2024-09-22 20:07:40.949 [info] Removed views:workbench.views.extensions.marketplace from workbench.view.extensions
2024-09-22 20:07:40.969 [info] Added views:workbench.views.extensions.installed in workbench.view.extensions
2024-09-22 20:07:42.307 [info] Removed views:workbench.views.extensions.installed from workbench.view.extensions
2024-09-22 20:07:42.320 [info] Added views:workbench.views.extensions.marketplace in workbench.view.extensions
2024-09-22 20:10:03.978 [info] Added views:outline in workbench.view.explorer
2024-09-22 20:10:03.979 [info] Added views:workbench.view.search in workbench.view.search
2024-09-22 20:10:03.979 [info] Added views:workbench.scm in workbench.view.scm
2024-09-22 20:10:03.979 [info] Added views:workbench.panel.markers.view in workbench.panel.markers
2024-09-22 20:10:03.979 [info] Added views:workbench.panel.output in workbench.panel.output
2024-09-22 20:10:03.979 [info] Added views:terminal in terminal
2024-09-22 20:10:03.979 [info] Added views:timeline in workbench.view.explorer
2024-09-22 20:10:03.979 [info] Added views:workbench.explorer.fileView in workbench.view.explorer
2024-09-22 20:10:04.416 [info] Added views:workbench.debug.welcome in workbench.view.debug
2024-09-22 20:10:09.057 [info] Added views:workbench.panel.repl.view in workbench.panel.repl
2024-09-22 20:10:09.779 [info] Added views:~remote.forwardedPorts in ~remote.forwardedPortsContainer
2024-09-22 20:10:12.815 [info] Added views:workbench.views.extensions.installed,workbench.views.extensions.popular in workbench.view.extensions
2024-09-22 20:10:12.828 [info] Removed views:workbench.views.extensions.popular from workbench.view.extensions
