2024-09-22 19:25:52.535 [info] Added views:outline in workbench.view.explorer
2024-09-22 19:25:52.536 [info] Added views:workbench.view.search in workbench.view.search
2024-09-22 19:25:52.536 [info] Added views:workbench.scm in workbench.view.scm
2024-09-22 19:25:52.536 [info] Added views:workbench.panel.markers.view in workbench.panel.markers
2024-09-22 19:25:52.536 [info] Added views:workbench.panel.output in workbench.panel.output
2024-09-22 19:25:52.536 [info] Added views:terminal in terminal
2024-09-22 19:25:52.536 [info] Added views:timeline in workbench.view.explorer
2024-09-22 19:25:52.536 [info] Added views:workbench.explorer.emptyView in workbench.view.explorer
2024-09-22 19:25:53.977 [info] Added views:workbench.debug.variablesView,workbench.debug.watchExpressionsView,workbench.debug.callStackView,workbench.debug.breakPointsView in workbench.view.debug
2024-09-22 19:25:56.571 [info] Added views:~remote.forwardedPorts in ~remote.forwardedPortsContainer
2024-09-22 19:25:57.623 [info] Added views:workbench.panel.repl.view in workbench.panel.repl
2024-09-22 19:25:57.627 [info] Removed views:workbench.debug.breakPointsView,workbench.debug.callStackView,workbench.debug.watchExpressionsView,workbench.debug.variablesView from workbench.view.debug
2024-09-22 19:25:57.630 [info] Added views:workbench.debug.welcome in workbench.view.debug
2024-09-22 19:27:00.749 [info] Removed views:extensions.recommendedList from workbench.view.extensions
2024-09-22 19:27:06.671 [info] Added views:workbench.views.extensions.installed,workbench.views.extensions.popular in workbench.view.extensions
2024-09-22 19:27:06.676 [info] Removed views:workbench.views.extensions.popular from workbench.view.extensions
2024-09-22 19:30:15.916 [info] Removed views:workbench.views.extensions.installed from workbench.view.extensions
2024-09-22 19:30:15.933 [info] Added views:workbench.views.extensions.marketplace in workbench.view.extensions
2024-09-22 19:31:02.082 [info] Removed views:workbench.views.extensions.marketplace from workbench.view.extensions
2024-09-22 19:31:02.103 [info] Added views:workbench.views.extensions.installed in workbench.view.extensions
2024-09-22 19:36:57.674 [info] Added views:outline in workbench.view.explorer
2024-09-22 19:36:57.674 [info] Added views:workbench.view.search in workbench.view.search
2024-09-22 19:36:57.674 [info] Added views:workbench.scm in workbench.view.scm
2024-09-22 19:36:57.674 [info] Added views:workbench.panel.markers.view in workbench.panel.markers
2024-09-22 19:36:57.674 [info] Added views:workbench.panel.output in workbench.panel.output
2024-09-22 19:36:57.674 [info] Added views:terminal in terminal
2024-09-22 19:36:57.674 [info] Added views:timeline in workbench.view.explorer
2024-09-22 19:36:57.674 [info] Added views:workbench.explorer.fileView in workbench.view.explorer
2024-09-22 19:37:00.663 [info] Added views:workbench.debug.variablesView,workbench.debug.watchExpressionsView,workbench.debug.callStackView,workbench.debug.breakPointsView in workbench.view.debug
2024-09-22 19:37:01.193 [info] Added views:~remote.forwardedPorts in ~remote.forwardedPortsContainer
2024-09-22 19:37:03.326 [info] Added views:workbench.panel.repl.view in workbench.panel.repl
2024-09-22 19:37:03.334 [info] Removed views:workbench.debug.breakPointsView,workbench.debug.callStackView,workbench.debug.watchExpressionsView,workbench.debug.variablesView from workbench.view.debug
2024-09-22 19:37:03.336 [info] Added views:workbench.debug.welcome in workbench.view.debug
2024-09-22 19:37:15.757 [info] Added views:workbench.views.extensions.installed,workbench.views.extensions.popular in workbench.view.extensions
2024-09-22 19:37:15.762 [info] Removed views:workbench.views.extensions.popular from workbench.view.extensions
2024-09-22 19:37:18.643 [info] Removed views:workbench.views.extensions.installed from workbench.view.extensions
2024-09-22 19:37:18.656 [info] Added views:workbench.views.extensions.marketplace in workbench.view.extensions
2024-09-22 19:37:21.599 [info] Removed views:workbench.views.extensions.marketplace from workbench.view.extensions
2024-09-22 19:37:21.611 [info] Added views:workbench.views.extensions.installed in workbench.view.extensions
2024-09-22 19:37:23.328 [info] Removed views:workbench.views.extensions.installed from workbench.view.extensions
2024-09-22 19:37:23.344 [info] Added views:workbench.views.extensions.marketplace in workbench.view.extensions
2024-09-22 19:38:03.315 [info] Removed views:workbench.views.extensions.marketplace from workbench.view.extensions
2024-09-22 19:38:03.345 [info] Added views:workbench.views.extensions.installed in workbench.view.extensions
