2024-09-22 19:26:33.551 [info] Reading sessions from keychain...
2024-09-22 19:26:33.551 [info] Getting sessions for all scopes...
2024-09-22 19:26:33.551 [info] Getting sessions for all scopes...
2024-09-22 19:26:33.551 [info] Getting sessions for all scopes...
2024-09-22 19:26:33.551 [info] Got 0 sessions for ...
2024-09-22 19:26:33.551 [info] Got 0 sessions for ...
2024-09-22 19:26:33.551 [info] Got 0 sessions for ...
2024-09-22 19:26:33.551 [info] Getting sessions for user:email...
2024-09-22 19:26:33.551 [info] Got 0 sessions for user:email...
2024-09-22 19:26:35.104 [info] Logging in with 'any' account...
2024-09-22 19:26:35.105 [info] Logging in for the following scopes: user:email
2024-09-22 19:26:35.113 [info] Trying without local server... (user:email)
2024-09-22 19:26:55.210 [info] Exchanging code for token...
2024-09-22 19:26:55.710 [info] Token exchange success!
2024-09-22 19:26:55.711 [info] Getting user info...
2024-09-22 19:26:56.180 [info] Got account info!
2024-09-22 19:26:56.182 [info] Storing 1 sessions...
2024-09-22 19:26:56.187 [info] Reading sessions from keychain...
2024-09-22 19:26:56.187 [info] Stored 1 sessions!
2024-09-22 19:26:56.188 [info] Login success!
2024-09-22 19:26:56.207 [info] Getting sessions for user:email...
2024-09-22 19:26:56.208 [info] Got stored sessions!
2024-09-22 19:26:56.208 [info] Got 1 verified sessions.
2024-09-22 19:26:56.208 [info] Got 1 sessions for user:email...
2024-09-22 19:37:04.214 [info] Reading sessions from keychain...
2024-09-22 19:37:04.214 [info] Got stored sessions!
2024-09-22 19:37:04.214 [info] Got 1 verified sessions.
2024-09-22 19:37:04.215 [info] Getting sessions for all scopes...
2024-09-22 19:37:04.215 [info] Got 1 sessions for ...
2024-09-22 19:37:04.215 [info] Getting sessions for all scopes...
2024-09-22 19:37:04.215 [info] Got 1 sessions for ...
2024-09-22 19:37:04.215 [info] Getting sessions for all scopes...
2024-09-22 19:37:04.215 [info] Got 1 sessions for ...
2024-09-22 19:37:04.337 [info] Getting sessions for user:email...
2024-09-22 19:37:04.338 [info] Got 1 sessions for user:email...
2024-09-22 19:37:05.405 [info] Getting sessions for all scopes...
2024-09-22 19:37:05.405 [info] Got 1 sessions for ...
