2024-09-22 19:45:19.331 [info] Started local extension host with pid 9668.
2024-09-22 19:45:27.350 [info] [perf] Render performance baseline is 388ms
2024-09-22 19:45:27.897 [error] [network] #3: https://main.vscode-cdn.net/core/insiders.json - error GET Failed to fetch
2024-09-22 19:45:27.899 [error] TypeError: Failed to fetch
    at TMs (vscode-file://vscode-app/c:/Program%20Files/Microsoft%20VS%20Code%20Insiders/resources/app/out/vs/workbench/workbench.desktop.main.js:3074:39863)
    at vscode-file://vscode-app/c:/Program%20Files/Microsoft%20VS%20Code%20Insiders/resources/app/out/vs/workbench/workbench.desktop.main.js:3074:41044
    at fst.c (vscode-file://vscode-app/c:/Program%20Files/Microsoft%20VS%20Code%20Insiders/resources/app/out/vs/workbench/workbench.desktop.main.js:488:27297)
    at fst.request (vscode-file://vscode-app/c:/Program%20Files/Microsoft%20VS%20Code%20Insiders/resources/app/out/vs/workbench/workbench.desktop.main.js:3074:41036)
    at qrt.g (vscode-file://vscode-app/c:/Program%20Files/Microsoft%20VS%20Code%20Insiders/resources/app/out/vs/workbench/workbench.desktop.main.js:3405:1637)
    at qrt.f (vscode-file://vscode-app/c:/Program%20Files/Microsoft%20VS%20Code%20Insiders/resources/app/out/vs/workbench/workbench.desktop.main.js:3405:1574)
    at new qrt (vscode-file://vscode-app/c:/Program%20Files/Microsoft%20VS%20Code%20Insiders/resources/app/out/vs/workbench/workbench.desktop.main.js:3405:1543)
    at qat.o (vscode-file://vscode-app/c:/Program%20Files/Microsoft%20VS%20Code%20Insiders/resources/app/out/vs/workbench/workbench.desktop.main.js:1310:1586)
    at qat.createInstance (vscode-file://vscode-app/c:/Program%20Files/Microsoft%20VS%20Code%20Insiders/resources/app/out/vs/workbench/workbench.desktop.main.js:1310:1083)
    at cCe.F (vscode-file://vscode-app/c:/Program%20Files/Microsoft%20VS%20Code%20Insiders/resources/app/out/vs/workbench/workbench.desktop.main.js:477:37924)
    at l (vscode-file://vscode-app/c:/Program%20Files/Microsoft%20VS%20Code%20Insiders/resources/app/out/vs/workbench/workbench.desktop.main.js:477:37602)
2024-09-22 20:04:01.954 [error] ENOENT: no such file or directory, open 'c:\Users\amall\AppData\Roaming\Code - Insiders\User\globalStorage\vscodevim.vim\.registers': Error: ENOENT: no such file or directory, open 'c:\Users\amall\AppData\Roaming\Code - Insiders\User\globalStorage\vscodevim.vim\.registers'
2024-09-22 20:09:54.366 [error] command 'extension.uninstallCustomCSS' not found: Error: command 'extension.uninstallCustomCSS' not found
    at s8e.n (vscode-file://vscode-app/c:/Program%20Files/Microsoft%20VS%20Code%20Insiders/resources/app/out/vs/workbench/workbench.desktop.main.js:1254:1341)
    at s8e.executeCommand (vscode-file://vscode-app/c:/Program%20Files/Microsoft%20VS%20Code%20Insiders/resources/app/out/vs/workbench/workbench.desktop.main.js:1254:1273)
2024-09-22 20:10:04.512 [info] Started local extension host with pid 5936.
2024-09-22 20:10:11.294 [info] [perf] Render performance baseline is 251ms
2024-09-22 20:10:11.775 [error] [network] #4: https://main.vscode-cdn.net/core/insiders.json - error GET Failed to fetch
2024-09-22 20:10:11.776 [error] TypeError: Failed to fetch
    at TMs (vscode-file://vscode-app/c:/Program%20Files/Microsoft%20VS%20Code%20Insiders/resources/app/out/vs/workbench/workbench.desktop.main.js:3074:39863)
    at vscode-file://vscode-app/c:/Program%20Files/Microsoft%20VS%20Code%20Insiders/resources/app/out/vs/workbench/workbench.desktop.main.js:3074:41044
    at fst.c (vscode-file://vscode-app/c:/Program%20Files/Microsoft%20VS%20Code%20Insiders/resources/app/out/vs/workbench/workbench.desktop.main.js:488:27297)
    at fst.request (vscode-file://vscode-app/c:/Program%20Files/Microsoft%20VS%20Code%20Insiders/resources/app/out/vs/workbench/workbench.desktop.main.js:3074:41036)
    at qrt.g (vscode-file://vscode-app/c:/Program%20Files/Microsoft%20VS%20Code%20Insiders/resources/app/out/vs/workbench/workbench.desktop.main.js:3405:1637)
    at qrt.f (vscode-file://vscode-app/c:/Program%20Files/Microsoft%20VS%20Code%20Insiders/resources/app/out/vs/workbench/workbench.desktop.main.js:3405:1574)
    at new qrt (vscode-file://vscode-app/c:/Program%20Files/Microsoft%20VS%20Code%20Insiders/resources/app/out/vs/workbench/workbench.desktop.main.js:3405:1543)
    at qat.o (vscode-file://vscode-app/c:/Program%20Files/Microsoft%20VS%20Code%20Insiders/resources/app/out/vs/workbench/workbench.desktop.main.js:1310:1586)
    at qat.createInstance (vscode-file://vscode-app/c:/Program%20Files/Microsoft%20VS%20Code%20Insiders/resources/app/out/vs/workbench/workbench.desktop.main.js:1310:1083)
    at cCe.F (vscode-file://vscode-app/c:/Program%20Files/Microsoft%20VS%20Code%20Insiders/resources/app/out/vs/workbench/workbench.desktop.main.js:477:37924)
    at l (vscode-file://vscode-app/c:/Program%20Files/Microsoft%20VS%20Code%20Insiders/resources/app/out/vs/workbench/workbench.desktop.main.js:477:37602)
2024-09-22 20:10:22.436 [error] command 'apc.extension.enable' not found: Error: command 'apc.extension.enable' not found
    at s8e.n (vscode-file://vscode-app/c:/Program%20Files/Microsoft%20VS%20Code%20Insiders/resources/app/out/vs/workbench/workbench.desktop.main.js:1254:1341)
    at s8e.executeCommand (vscode-file://vscode-app/c:/Program%20Files/Microsoft%20VS%20Code%20Insiders/resources/app/out/vs/workbench/workbench.desktop.main.js:1254:1273)
2024-09-22 20:10:50.631 [warning] Settings pattern "application.*" doesn't match any settings
2024-09-22 20:12:48.067 [warning] Settings pattern "application.*" doesn't match any settings
2024-09-22 20:15:12.094 [warning] Settings pattern "application.*" doesn't match any settings
