2024-09-22 20:04:15.451 [info] Active editor: vscode-userdata:/c%3A/Users/amall/AppData/Roaming/Code%20-%20Insiders/User/settings.json
2024-09-22 20:04:30.905 [info] Searching for compact
2024-09-22 20:05:00.136 [info] Configuration changed
2024-09-22 20:05:02.353 [info] Configuration changed
2024-09-22 20:05:18.838 [info] Configuration changed
2024-09-22 20:05:21.271 [info] Configuration changed
2024-09-22 20:05:56.476 [info] Active editor: file:///c%3A/Users/amall/dotfiles/windows/vscode/settings.json
2024-09-22 20:08:00.533 [info] Configuration changed
2024-09-22 20:09:53.258 [info] Configuration changed
2024-09-22 20:10:01.553 [info] Configuration changed
2024-09-22 20:10:20.849 [info] c:\Users\amall\AppData\Roaming\Code - Insiders\User\settings.json closed
2024-09-22 20:10:20.905 [info] Configuration changed
2024-09-22 20:11:09.823 [info] c:\Users\amall\AppData\Roaming\Code - Insiders\User\settings.json closed
2024-09-22 20:11:09.855 [info] Configuration changed
2024-09-22 20:11:19.045 [info] c:\Users\amall\AppData\Roaming\Code - Insiders\User\settings.json closed
2024-09-22 20:11:19.074 [info] Configuration changed
2024-09-22 20:11:22.057 [info] Active editor: file:///c%3A/Users/amall/dotfiles/windows/vscode/settings.json
2024-09-22 20:11:33.957 [info] c:\Users\amall\AppData\Roaming\Code - Insiders\User\settings.json closed
2024-09-22 20:11:34.013 [info] Configuration changed
2024-09-22 20:13:02.660 [info] c:\Users\amall\AppData\Roaming\Code - Insiders\User\settings.json closed
2024-09-22 20:13:02.697 [info] Configuration changed
2024-09-22 20:13:09.912 [info] c:\Users\amall\AppData\Roaming\Code - Insiders\User\settings.json closed
2024-09-22 20:13:09.931 [info] Configuration changed
2024-09-22 20:13:10.691 [info] c:\Users\amall\AppData\Roaming\Code - Insiders\User\settings.json closed
2024-09-22 20:13:10.712 [info] Configuration changed
2024-09-22 20:13:15.885 [info] c:\Users\amall\AppData\Roaming\Code - Insiders\User\settings.json closed
2024-09-22 20:13:15.908 [info] Configuration changed
2024-09-22 20:13:35.992 [info] c:\Users\amall\AppData\Roaming\Code - Insiders\User\settings.json closed
2024-09-22 20:13:36.027 [info] Configuration changed
2024-09-22 20:13:43.347 [info] Active editor: file:///c%3A/Users/amall/dotfiles/windows/vscode/settings.json
2024-09-22 20:14:12.485 [info] c:\Users\amall\AppData\Roaming\Code - Insiders\User\settings.json closed
2024-09-22 20:14:12.515 [info] Configuration changed
2024-09-22 20:14:27.101 [info] c:\Users\amall\AppData\Roaming\Code - Insiders\User\settings.json closed
2024-09-22 20:14:27.139 [info] Configuration changed
2024-09-22 20:14:34.238 [info] c:\Users\amall\AppData\Roaming\Code - Insiders\User\settings.json closed
2024-09-22 20:14:34.280 [info] Configuration changed
2024-09-22 20:14:40.036 [info] c:\Users\amall\AppData\Roaming\Code - Insiders\User\settings.json closed
2024-09-22 20:14:40.060 [info] Configuration changed
2024-09-22 20:14:42.521 [info] c:\Users\amall\AppData\Roaming\Code - Insiders\User\settings.json closed
2024-09-22 20:14:42.553 [info] Configuration changed
2024-09-22 20:14:49.855 [info] c:\Users\amall\AppData\Roaming\Code - Insiders\User\settings.json closed
2024-09-22 20:14:49.880 [info] Configuration changed
2024-09-22 20:14:56.622 [info] Active editor: file:///c%3A/Users/amall/dotfiles/windows/vscode/settings.json
2024-09-22 20:15:10.805 [info] Active editor: file:///f%3A/Amal/Desktop/dev/projects/portfolio/scripts/scripts.js
2024-09-22 20:17:15.742 [info] Active editor: file:///c%3A/Users/amall/dotfiles/windows/vscode/settings.json
2024-09-22 20:18:11.872 [info] c:\Users\amall\AppData\Roaming\Code - Insiders\User\settings.json closed
2024-09-22 20:18:11.930 [info] Configuration changed
2024-09-22 20:20:28.767 [info] Active editor: file:///f%3A/Amal/Desktop/dev/projects/portfolio/scripts/scripts.js
2024-09-22 20:21:17.946 [info] c:\Users\amall\AppData\Roaming\Code - Insiders\User\settings.json closed
2024-09-22 20:21:18.027 [info] Configuration changed
2024-09-22 20:21:20.059 [info] c:\Users\amall\AppData\Roaming\Code - Insiders\User\settings.json closed
2024-09-22 20:21:20.095 [info] Configuration changed
